client/driver-app/app/build/intermediates/manifest_merge_blame_file/debug/manifest-merger-blame-debug-report.txt
1<?xml version="1.0" encoding="utf-8"?>
2<manifest xmlns:android="http://schemas.android.com/apk/res/android"
3    package="com.example.parkngo"
4    android:versionCode="1"
5    android:versionName="1.0" >
6
7    <uses-sdk
8        android:minSdkVersion="24"
9        android:targetSdkVersion="33" />
10
11    <uses-permission android:name="android.permission.INTERNET" />
11-->src\main\AndroidManifest.xml:4:5-66
11-->src\main\AndroidManifest.xml:4:22-64
12    <uses-permission android:name="android.permission.ACCESS_NETWORK_STATE" />
12-->[lk.payhere:androidsdk:3.0.4] AndroidManifest.xml:10:5-79
12-->[lk.payhere:androidsdk:3.0.4] AndroidManifest.xml:10:22-76
13
14    <uses-feature
14-->[com.google.android.gms:play-services-maps:18.2.0] AndroidManifest.xml:26:5-28:35
15        android:glEsVersion="0x00020000"
15-->[com.google.android.gms:play-services-maps:18.2.0] AndroidManifest.xml:27:9-41
16        android:required="true" />
16-->[com.google.android.gms:play-services-maps:18.2.0] AndroidManifest.xml:28:9-32
17
18    <queries>
18-->[com.google.android.gms:play-services-maps:18.2.0] AndroidManifest.xml:30:5-34:15
19
20        <!-- Needs to be explicitly declared on Android R+ -->
21        <package android:name="com.google.android.apps.maps" />
21-->[com.google.android.gms:play-services-maps:18.2.0] AndroidManifest.xml:33:9-64
21-->[com.google.android.gms:play-services-maps:18.2.0] AndroidManifest.xml:33:18-61
22    </queries>
23
24    <permission
24-->[androidx.core:core:1.9.0] AndroidManifest.xml:22:5-24:47
25        android:name="com.example.parkngo.DYNAMIC_RECEIVER_NOT_EXPORTED_PERMISSION"
25-->[androidx.core:core:1.9.0] AndroidManifest.xml:23:9-81
26        android:protectionLevel="signature" />
26-->[androidx.core:core:1.9.0] AndroidManifest.xml:24:9-44
27
28    <uses-permission android:name="com.example.parkngo.DYNAMIC_RECEIVER_NOT_EXPORTED_PERMISSION" />
28-->[androidx.core:core:1.9.0] AndroidManifest.xml:26:5-97
28-->[androidx.core:core:1.9.0] AndroidManifest.xml:26:22-94
29
30    <application
30-->src\main\AndroidManifest.xml:5:5-43:19
31        android:allowBackup="true"
31-->src\main\AndroidManifest.xml:6:9-35
32        android:appComponentFactory="androidx.core.app.CoreComponentFactory"
32-->[androidx.core:core:1.9.0] AndroidManifest.xml:28:18-86
33        android:dataExtractionRules="@xml/data_extraction_rules"
33-->src\main\AndroidManifest.xml:7:9-65
34        android:debuggable="true"
35        android:extractNativeLibs="false"
36        android:fullBackupContent="@xml/backup_rules"
36-->src\main\AndroidManifest.xml:8:9-54
37        android:icon="@mipmap/ic_launcher"
37-->src\main\AndroidManifest.xml:9:9-43
38        android:label="@string/app_name"
38-->src\main\AndroidManifest.xml:10:9-41
39        android:roundIcon="@mipmap/ic_launcher_round"
39-->src\main\AndroidManifest.xml:11:9-54
40        android:supportsRtl="true"
40-->src\main\AndroidManifest.xml:12:9-35
41        android:testOnly="true"
42        android:theme="@style/Theme.Parkngo" >
42-->src\main\AndroidManifest.xml:13:9-45
43        <activity
43-->src\main\AndroidManifest.xml:15:9-17:40
44            android:name="com.example.parkngo.signup.SignUpNameActivity"
44-->src\main\AndroidManifest.xml:16:13-54
45            android:exported="false" />
45-->src\main\AndroidManifest.xml:17:13-37
46        <activity
46-->src\main\AndroidManifest.xml:18:9-20:40
47            android:name="com.example.parkngo.signup.SignupOtpActivity"
47-->src\main\AndroidManifest.xml:19:13-53
48            android:exported="false" />
48-->src\main\AndroidManifest.xml:20:13-37
49        <activity
49-->src\main\AndroidManifest.xml:21:9-23:40
50            android:name="com.example.parkngo.signup.SignupMobileNumberActivity"
50-->src\main\AndroidManifest.xml:22:13-62
51            android:exported="false" />
51-->src\main\AndroidManifest.xml:23:13-37
52        <activity
52-->src\main\AndroidManifest.xml:24:9-26:40
53            android:name="com.example.parkngo.login.LoginOtpActivity"
53-->src\main\AndroidManifest.xml:25:13-51
54            android:exported="false" />
54-->src\main\AndroidManifest.xml:26:13-37
55        <activity
55-->src\main\AndroidManifest.xml:27:9-29:40
56            android:name="com.example.parkngo.login.LoginMobileNumberActivity"
56-->src\main\AndroidManifest.xml:28:13-60
57            android:exported="false" />
57-->src\main\AndroidManifest.xml:29:13-37
58        <activity
58-->src\main\AndroidManifest.xml:30:9-37:20
59            android:name="com.example.parkngo.HeroActivity"
59-->src\main\AndroidManifest.xml:31:13-41
60            android:exported="true" >
60-->src\main\AndroidManifest.xml:32:13-36
61            <intent-filter>
61-->src\main\AndroidManifest.xml:33:13-36:29
62                <action android:name="android.intent.action.MAIN" />
62-->src\main\AndroidManifest.xml:34:17-69
62-->src\main\AndroidManifest.xml:34:25-66
63
64                <category android:name="android.intent.category.LAUNCHER" />
64-->src\main\AndroidManifest.xml:35:17-77
64-->src\main\AndroidManifest.xml:35:27-74
65            </intent-filter>
66        </activity>
67        <!-- TODO:: Check whether the "true" value is valid or not for main activity -->
68        <activity
68-->src\main\AndroidManifest.xml:39:9-42:20
69            android:name="com.example.parkngo.MainActivity"
69-->src\main\AndroidManifest.xml:40:13-41
70            android:exported="true" >
70-->src\main\AndroidManifest.xml:41:13-36
71        </activity>
72        <activity
72-->[lk.payhere:androidsdk:3.0.4] AndroidManifest.xml:16:9-19:65
73            android:name="lk.payhere.androidsdk.PHMainActivity"
73-->[lk.payhere:androidsdk:3.0.4] AndroidManifest.xml:17:13-64
74            android:launchMode="singleTop"
74-->[lk.payhere:androidsdk:3.0.4] AndroidManifest.xml:18:13-43
75            android:theme="@style/ph_transparent.windowTitle" /> <!-- Needs to be explicitly declared on P+ -->
75-->[lk.payhere:androidsdk:3.0.4] AndroidManifest.xml:19:13-62
76        <uses-library
76-->[com.google.android.gms:play-services-maps:18.2.0] AndroidManifest.xml:39:9-41:40
77            android:name="org.apache.http.legacy"
77-->[com.google.android.gms:play-services-maps:18.2.0] AndroidManifest.xml:40:13-50
78            android:required="false" />
78-->[com.google.android.gms:play-services-maps:18.2.0] AndroidManifest.xml:41:13-37
79
80        <activity
80-->[com.google.android.gms:play-services-base:18.0.1] AndroidManifest.xml:20:9-22:45
81            android:name="com.google.android.gms.common.api.GoogleApiActivity"
81-->[com.google.android.gms:play-services-base:18.0.1] AndroidManifest.xml:20:19-85
82            android:exported="false"
82-->[com.google.android.gms:play-services-base:18.0.1] AndroidManifest.xml:22:19-43
83            android:theme="@android:style/Theme.Translucent.NoTitleBar" />
83-->[com.google.android.gms:play-services-base:18.0.1] AndroidManifest.xml:21:19-78
84
85        <meta-data
85-->[com.google.android.gms:play-services-basement:18.0.0] AndroidManifest.xml:21:9-23:69
86            android:name="com.google.android.gms.version"
86-->[com.google.android.gms:play-services-basement:18.0.0] AndroidManifest.xml:22:13-58
87            android:value="@integer/google_play_services_version" />
87-->[com.google.android.gms:play-services-basement:18.0.0] AndroidManifest.xml:23:13-66
88
89        <provider
89-->[androidx.emoji2:emoji2:1.2.0] AndroidManifest.xml:24:9-32:20
90            android:name="androidx.startup.InitializationProvider"
90-->[androidx.emoji2:emoji2:1.2.0] AndroidManifest.xml:25:13-67
91            android:authorities="com.example.parkngo.androidx-startup"
91-->[androidx.emoji2:emoji2:1.2.0] AndroidManifest.xml:26:13-68
92            android:exported="false" >
92-->[androidx.emoji2:emoji2:1.2.0] AndroidManifest.xml:27:13-37
93            <meta-data
93-->[androidx.emoji2:emoji2:1.2.0] AndroidManifest.xml:29:13-31:52
94                android:name="androidx.emoji2.text.EmojiCompatInitializer"
94-->[androidx.emoji2:emoji2:1.2.0] AndroidManifest.xml:30:17-75
95                android:value="androidx.startup" />
95-->[androidx.emoji2:emoji2:1.2.0] AndroidManifest.xml:31:17-49
96            <meta-data
96-->[androidx.lifecycle:lifecycle-process:2.4.1] AndroidManifest.xml:31:13-33:52
97                android:name="androidx.lifecycle.ProcessLifecycleInitializer"
97-->[androidx.lifecycle:lifecycle-process:2.4.1] AndroidManifest.xml:32:17-78
98                android:value="androidx.startup" />
98-->[androidx.lifecycle:lifecycle-process:2.4.1] AndroidManifest.xml:33:17-49
99        </provider>
100    </application>
101
102</manifest>